<?xml version="1.0" encoding="UTF-8"?>
<!-- Generated by org.testng.reporters.JUnitReportReporter -->
<testsuite skipped="0" hostname="LAPTOP-8OFK30RA" name="AppiumTest" tests="2" failures="0" timestamp="06 May 2021 10:18:59 GMT" time="0.023" errors="0">
  <testcase name="NativeAPPAndroid" time="0.001" classname="AppiumTest"/>
  <testcase name="IOSApps" time="0.022" classname="AppiumTest"/>
</testsuite> <!-- AppiumTest -->
