<?xml version="1.0" encoding="UTF-8"?>
<!-- Generated by org.testng.reporters.JUnitReportReporter -->
<testsuite skipped="0" hostname="LAPTOP-8OFK30RA" name="RESTAPITest" tests="2" failures="0" timestamp="06 May 2021 10:18:59 GMT" time="0.001" errors="0">
  <testcase name="postJira" time="0.001" classname="RESTAPITest"/>
  <testcase name="deleteTwitter" time="0.000" classname="RESTAPITest"/>
</testsuite> <!-- RESTAPITest -->
